已經開始建置於 2013/10/16 上午 08:56:07。
     1>節點 2 (build 目標) 上的專案 "C:\Documents and Settings\user\My Documents\Visual Studio 2010\Projects\LawrenceAndHolo\LawrenceAndHolo\LawrenceAndHolo.vcxproj"。
     1>InitializeBuildStatus:
         由於指定了 "AlwaysCreate"，因此正在建立 "Debug\LawrenceAndHolo.unsuccessfulbuild"。
       ClCompile:
         C:\Program Files\Microsoft Visual Studio 10.0\VC\bin\CL.exe /c /ZI /nologo /W3 /WX- /Od /Oy- /D WIN32 /D _DEBUG /D _CONSOLE /D _UNICODE /D UNICODE /Gm /EHsc /RTC1 /MDd /GS /fp:precise /Zc:wchar_t /Zc:forScope /Fo"Debug\\" /Fd"Debug\vc100.pdb" /Gd /TP /analyze- /errorReport:prompt Story.cpp
         Story.cpp
       ManifestResourceCompile:
         所有輸出都是最新的。
       Link:
         C:\Program Files\Microsoft Visual Studio 10.0\VC\bin\link.exe /ERRORREPORT:PROMPT /OUT:"Debug\LawrenceAndHolo.exe" /INCREMENTAL /NOLOGO kernel32.lib user32.lib gdi32.lib winspool.lib comdlg32.lib advapi32.lib shell32.lib ole32.lib oleaut32.lib uuid.lib odbc32.lib odbccp32.lib /MANIFEST /ManifestFile:"Debug\LawrenceAndHolo.exe.intermediate.manifest" /MANIFESTUAC:"level='asInvoker' uiAccess='false'" /DEBUG /PDB:"C:\Documents and Settings\user\My Documents\Visual Studio 2010\Projects\LawrenceAndHolo\LawrenceAndHolo\Debug\LawrenceAndHolo.pdb" /SUBSYSTEM:CONSOLE /TLBID:1 /DYNAMICBASE /NXCOMPAT /IMPLIB:"Debug\LawrenceAndHolo.lib" /MACHINE:X86 Debug\LawrenceAndHolo.exe.embed.manifest.res
         Debug\Story.obj
       Manifest:
         C:\Program Files\Microsoft SDKs\Windows\v7.0A\bin\mt.exe /nologo /verbose /out:"Debug\LawrenceAndHolo.exe.embed.manifest" /manifest Debug\LawrenceAndHolo.exe.intermediate.manifest
         所有輸出都是最新的。
       LinkEmbedManifest:
         C:\Program Files\Microsoft Visual Studio 10.0\VC\bin\link.exe /ERRORREPORT:PROMPT /OUT:"Debug\LawrenceAndHolo.exe" /INCREMENTAL /NOLOGO kernel32.lib user32.lib gdi32.lib winspool.lib comdlg32.lib advapi32.lib shell32.lib ole32.lib oleaut32.lib uuid.lib odbc32.lib odbccp32.lib /MANIFEST /ManifestFile:"Debug\LawrenceAndHolo.exe.intermediate.manifest" /MANIFESTUAC:"level='asInvoker' uiAccess='false'" /DEBUG /PDB:"C:\Documents and Settings\user\My Documents\Visual Studio 2010\Projects\LawrenceAndHolo\LawrenceAndHolo\Debug\LawrenceAndHolo.pdb" /SUBSYSTEM:CONSOLE /TLBID:1 /DYNAMICBASE /NXCOMPAT /IMPLIB:"Debug\LawrenceAndHolo.lib" /MACHINE:X86 Debug\LawrenceAndHolo.exe.embed.manifest.res
         Debug\Story.obj
         LawrenceAndHolo.vcxproj -> C:\Documents and Settings\user\My Documents\Visual Studio 2010\Projects\LawrenceAndHolo\LawrenceAndHolo\Debug\LawrenceAndHolo.exe
       FinalizeBuildStatus:
         正在刪除檔案 "Debug\LawrenceAndHolo.unsuccessfulbuild"。
         正在變更時間戳記 "Debug\LawrenceAndHolo.lastbuildstate"。
     1>專案 "C:\Documents and Settings\user\My Documents\Visual Studio 2010\Projects\LawrenceAndHolo\LawrenceAndHolo\LawrenceAndHolo.vcxproj" (build 目標) 建置完成。

建置成功。

經過時間 00:00:05.57
